Warning[205] F:\STUDY\MICROPROCESSOR\SHERAZI\PROJECTSHERAZ.ASM 1 : Found directive in column 1. (LIST)
Warning[205] F:\STUDY\MICROPROCESSOR\SHERAZI\PROJECTSHERAZ.ASM 2 : Found directive in column 1. (config)
Warning[205] F:\STUDY\MICROPROCESSOR\SHERAZI\PROJECTSHERAZ.ASM 5 : Found directive in column 1. (ORG)
Warning[203] F:\STUDY\MICROPROCESSOR\SHERAZI\PROJECTSHERAZ.ASM 6 : Found opcode in column 1. (GOTO)
Warning[205] F:\STUDY\MICROPROCESSOR\SHERAZI\PROJECTSHERAZ.ASM 8 : Found directive in column 1. (ORG)
Warning[203] F:\STUDY\MICROPROCESSOR\SHERAZI\PROJECTSHERAZ.ASM 10 : Found opcode in column 1. (BTFSS)
Warning[203] F:\STUDY\MICROPROCESSOR\SHERAZI\PROJECTSHERAZ.ASM 11 : Found opcode in column 1. (RETFIE)
Warning[203] F:\STUDY\MICROPROCESSOR\SHERAZI\PROJECTSHERAZ.ASM 12 : Found opcode in column 1. (GOTO)
Warning[205] F:\STUDY\MICROPROCESSOR\SHERAZI\PROJECTSHERAZ.ASM 17 : Found directive in column 1. (ORG)
Warning[203] F:\STUDY\MICROPROCESSOR\SHERAZI\PROJECTSHERAZ.ASM 27 : Found opcode in column 1. (BCF)
Warning[203] F:\STUDY\MICROPROCESSOR\SHERAZI\PROJECTSHERAZ.ASM 28 : Found opcode in column 1. (BCF)
Warning[203] F:\STUDY\MICROPROCESSOR\SHERAZI\PROJECTSHERAZ.ASM 29 : Found opcode in column 1. (BCF)
Warning[203] F:\STUDY\MICROPROCESSOR\SHERAZI\PROJECTSHERAZ.ASM 31 : Found opcode in column 1. (CLRF)
Warning[203] F:\STUDY\MICROPROCESSOR\SHERAZI\PROJECTSHERAZ.ASM 33 : Found opcode in column 1. (MOVLW)
Warning[203] F:\STUDY\MICROPROCESSOR\SHERAZI\PROJECTSHERAZ.ASM 34 : Found opcode in column 1. (MOVWF)
Warning[203] F:\STUDY\MICROPROCESSOR\SHERAZI\PROJECTSHERAZ.ASM 36 : Found opcode in column 1. (BCF)
Warning[203] F:\STUDY\MICROPROCESSOR\SHERAZI\PROJECTSHERAZ.ASM 37 : Found opcode in column 1. (CALL)
Warning[203] F:\STUDY\MICROPROCESSOR\SHERAZI\PROJECTSHERAZ.ASM 38 : Found opcode in column 1. (MOVLW)
Warning[203] F:\STUDY\MICROPROCESSOR\SHERAZI\PROJECTSHERAZ.ASM 39 : Found opcode in column 1. (CALL)
Warning[203] F:\STUDY\MICROPROCESSOR\SHERAZI\PROJECTSHERAZ.ASM 40 : Found opcode in column 1. (CALL)
Warning[203] F:\STUDY\MICROPROCESSOR\SHERAZI\PROJECTSHERAZ.ASM 41 : Found opcode in column 1. (MOVLW)
Warning[203] F:\STUDY\MICROPROCESSOR\SHERAZI\PROJECTSHERAZ.ASM 42 : Found opcode in column 1. (CALL)
Warning[203] F:\STUDY\MICROPROCESSOR\SHERAZI\PROJECTSHERAZ.ASM 43 : Found opcode in column 1. (CALL)
Warning[203] F:\STUDY\MICROPROCESSOR\SHERAZI\PROJECTSHERAZ.ASM 44 : Found opcode in column 1. (MOVLW)
Warning[203] F:\STUDY\MICROPROCESSOR\SHERAZI\PROJECTSHERAZ.ASM 45 : Found opcode in column 1. (CALL)
Warning[203] F:\STUDY\MICROPROCESSOR\SHERAZI\PROJECTSHERAZ.ASM 46 : Found opcode in column 1. (CALL)
Warning[203] F:\STUDY\MICROPROCESSOR\SHERAZI\PROJECTSHERAZ.ASM 47 : Found opcode in column 1. (MOVLW)
Warning[203] F:\STUDY\MICROPROCESSOR\SHERAZI\PROJECTSHERAZ.ASM 48 : Found opcode in column 1. (CALL)
Warning[203] F:\STUDY\MICROPROCESSOR\SHERAZI\PROJECTSHERAZ.ASM 49 : Found opcode in column 1. (CALL)
Warning[203] F:\STUDY\MICROPROCESSOR\SHERAZI\PROJECTSHERAZ.ASM 51 : Found opcode in column 1. (MOVLW)
Warning[203] F:\STUDY\MICROPROCESSOR\SHERAZI\PROJECTSHERAZ.ASM 52 : Found opcode in column 1. (CALL)
Warning[203] F:\STUDY\MICROPROCESSOR\SHERAZI\PROJECTSHERAZ.ASM 53 : Found opcode in column 1. (CALL)
Warning[203] F:\STUDY\MICROPROCESSOR\SHERAZI\PROJECTSHERAZ.ASM 76 : Found opcode in column 1. (BCF)
Warning[203] F:\STUDY\MICROPROCESSOR\SHERAZI\PROJECTSHERAZ.ASM 78 : Found opcode in column 1. (BSF)
Warning[203] F:\STUDY\MICROPROCESSOR\SHERAZI\PROJECTSHERAZ.ASM 79 : Found opcode in column 1. (BSF)
Warning[203] F:\STUDY\MICROPROCESSOR\SHERAZI\PROJECTSHERAZ.ASM 81 : Found opcode in column 1. (CALL)
Warning[203] F:\STUDY\MICROPROCESSOR\SHERAZI\PROJECTSHERAZ.ASM 91 : Found opcode in column 1. (MOVLW)
Warning[203] F:\STUDY\MICROPROCESSOR\SHERAZI\PROJECTSHERAZ.ASM 92 : Found opcode in column 1. (MOVWF)
Warning[203] F:\STUDY\MICROPROCESSOR\SHERAZI\PROJECTSHERAZ.ASM 94 : Found opcode in column 1. (MOVLW)
Warning[203] F:\STUDY\MICROPROCESSOR\SHERAZI\PROJECTSHERAZ.ASM 95 : Found opcode in column 1. (MOVWF)
Warning[203] F:\STUDY\MICROPROCESSOR\SHERAZI\PROJECTSHERAZ.ASM 97 : Found opcode in column 1. (BTFSS)
Warning[203] F:\STUDY\MICROPROCESSOR\SHERAZI\PROJECTSHERAZ.ASM 98 : Found opcode in column 1. (BRA)
Warning[203] F:\STUDY\MICROPROCESSOR\SHERAZI\PROJECTSHERAZ.ASM 102 : Found opcode in column 1. (BTFSC)
Warning[203] F:\STUDY\MICROPROCESSOR\SHERAZI\PROJECTSHERAZ.ASM 103 : Found opcode in column 1. (BRA)
Warning[203] F:\STUDY\MICROPROCESSOR\SHERAZI\PROJECTSHERAZ.ASM 105 : Found opcode in column 1. (BTFSC)
Warning[203] F:\STUDY\MICROPROCESSOR\SHERAZI\PROJECTSHERAZ.ASM 106 : Found opcode in column 1. (BRA)
Warning[203] F:\STUDY\MICROPROCESSOR\SHERAZI\PROJECTSHERAZ.ASM 108 : Found opcode in column 1. (BRA)
Warning[203] F:\STUDY\MICROPROCESSOR\SHERAZI\PROJECTSHERAZ.ASM 114 : Found opcode in column 1. (MOVLW)
Warning[203] F:\STUDY\MICROPROCESSOR\SHERAZI\PROJECTSHERAZ.ASM 115 : Found opcode in column 1. (CALL)
Warning[203] F:\STUDY\MICROPROCESSOR\SHERAZI\PROJECTSHERAZ.ASM 116 : Found opcode in column 1. (CALL)
Warning[203] F:\STUDY\MICROPROCESSOR\SHERAZI\PROJECTSHERAZ.ASM 118 : Found opcode in column 1. (BSF)
Warning[203] F:\STUDY\MICROPROCESSOR\SHERAZI\PROJECTSHERAZ.ASM 119 : Found opcode in column 1. (MOVF)
Warning[203] F:\STUDY\MICROPROCESSOR\SHERAZI\PROJECTSHERAZ.ASM 120 : Found opcode in column 1. (ADDWF)
Warning[203] F:\STUDY\MICROPROCESSOR\SHERAZI\PROJECTSHERAZ.ASM 121 : Found opcode in column 1. (CLRF)
Warning[203] F:\STUDY\MICROPROCESSOR\SHERAZI\PROJECTSHERAZ.ASM 122 : Found opcode in column 1. (BRA)
Warning[203] F:\STUDY\MICROPROCESSOR\SHERAZI\PROJECTSHERAZ.ASM 124 : Found opcode in column 1. (BRA)
Warning[203] F:\STUDY\MICROPROCESSOR\SHERAZI\PROJECTSHERAZ.ASM 127 : Found opcode in column 1. (MOVLW)
Warning[203] F:\STUDY\MICROPROCESSOR\SHERAZI\PROJECTSHERAZ.ASM 128 : Found opcode in column 1. (CALL)
Warning[203] F:\STUDY\MICROPROCESSOR\SHERAZI\PROJECTSHERAZ.ASM 129 : Found opcode in column 1. (CALL)
Warning[203] F:\STUDY\MICROPROCESSOR\SHERAZI\PROJECTSHERAZ.ASM 131 : Found opcode in column 1. (BSF)
Warning[203] F:\STUDY\MICROPROCESSOR\SHERAZI\PROJECTSHERAZ.ASM 132 : Found opcode in column 1. (MOVF)
Warning[203] F:\STUDY\MICROPROCESSOR\SHERAZI\PROJECTSHERAZ.ASM 133 : Found opcode in column 1. (ADDWF)
Warning[203] F:\STUDY\MICROPROCESSOR\SHERAZI\PROJECTSHERAZ.ASM 134 : Found opcode in column 1. (CLRF)
Warning[203] F:\STUDY\MICROPROCESSOR\SHERAZI\PROJECTSHERAZ.ASM 135 : Found opcode in column 1. (BRA)
Warning[203] F:\STUDY\MICROPROCESSOR\SHERAZI\PROJECTSHERAZ.ASM 137 : Found opcode in column 1. (BRA)
Warning[203] F:\STUDY\MICROPROCESSOR\SHERAZI\PROJECTSHERAZ.ASM 140 : Found opcode in column 1. (MOVF)
Warning[203] F:\STUDY\MICROPROCESSOR\SHERAZI\PROJECTSHERAZ.ASM 142 : Found opcode in column 1. (SUBWF)
Warning[203] F:\STUDY\MICROPROCESSOR\SHERAZI\PROJECTSHERAZ.ASM 143 : Found opcode in column 1. (MOVWF)
Warning[203] F:\STUDY\MICROPROCESSOR\SHERAZI\PROJECTSHERAZ.ASM 145 : Found opcode in column 1. (BRA)
Warning[203] F:\STUDY\MICROPROCESSOR\SHERAZI\PROJECTSHERAZ.ASM 151 : Found opcode in column 1. (MOVLW)
Warning[203] F:\STUDY\MICROPROCESSOR\SHERAZI\PROJECTSHERAZ.ASM 152 : Found opcode in column 1. (CALL)
Warning[203] F:\STUDY\MICROPROCESSOR\SHERAZI\PROJECTSHERAZ.ASM 153 : Found opcode in column 1. (CALL)
Warning[203] F:\STUDY\MICROPROCESSOR\SHERAZI\PROJECTSHERAZ.ASM 154 : Found opcode in column 1. (MOVLW)
Warning[203] F:\STUDY\MICROPROCESSOR\SHERAZI\PROJECTSHERAZ.ASM 155 : Found opcode in column 1. (CALL)
Warning[203] F:\STUDY\MICROPROCESSOR\SHERAZI\PROJECTSHERAZ.ASM 156 : Found opcode in column 1. (CALL)
Warning[203] F:\STUDY\MICROPROCESSOR\SHERAZI\PROJECTSHERAZ.ASM 157 : Found opcode in column 1. (MOVLW)
Warning[203] F:\STUDY\MICROPROCESSOR\SHERAZI\PROJECTSHERAZ.ASM 158 : Found opcode in column 1. (CALL)
Warning[203] F:\STUDY\MICROPROCESSOR\SHERAZI\PROJECTSHERAZ.ASM 159 : Found opcode in column 1. (CALL)
Warning[203] F:\STUDY\MICROPROCESSOR\SHERAZI\PROJECTSHERAZ.ASM 160 : Found opcode in column 1. (MOVLW)
Warning[203] F:\STUDY\MICROPROCESSOR\SHERAZI\PROJECTSHERAZ.ASM 161 : Found opcode in column 1. (CALL)
Warning[203] F:\STUDY\MICROPROCESSOR\SHERAZI\PROJECTSHERAZ.ASM 162 : Found opcode in column 1. (CALL)
Warning[203] F:\STUDY\MICROPROCESSOR\SHERAZI\PROJECTSHERAZ.ASM 163 : Found opcode in column 1. (MOVLW)
Warning[203] F:\STUDY\MICROPROCESSOR\SHERAZI\PROJECTSHERAZ.ASM 164 : Found opcode in column 1. (CALL)
Warning[203] F:\STUDY\MICROPROCESSOR\SHERAZI\PROJECTSHERAZ.ASM 165 : Found opcode in column 1. (CALL)
Warning[203] F:\STUDY\MICROPROCESSOR\SHERAZI\PROJECTSHERAZ.ASM 166 : Found opcode in column 1. (MOVLW)
Warning[203] F:\STUDY\MICROPROCESSOR\SHERAZI\PROJECTSHERAZ.ASM 167 : Found opcode in column 1. (CALL)
Warning[203] F:\STUDY\MICROPROCESSOR\SHERAZI\PROJECTSHERAZ.ASM 168 : Found opcode in column 1. (CALL)
Warning[203] F:\STUDY\MICROPROCESSOR\SHERAZI\PROJECTSHERAZ.ASM 169 : Found opcode in column 1. (MOVLW)
Warning[203] F:\STUDY\MICROPROCESSOR\SHERAZI\PROJECTSHERAZ.ASM 170 : Found opcode in column 1. (CALL)
Warning[203] F:\STUDY\MICROPROCESSOR\SHERAZI\PROJECTSHERAZ.ASM 171 : Found opcode in column 1. (CALL)
Warning[203] F:\STUDY\MICROPROCESSOR\SHERAZI\PROJECTSHERAZ.ASM 174 : Found opcode in column 1. (CALL)
Warning[203] F:\STUDY\MICROPROCESSOR\SHERAZI\PROJECTSHERAZ.ASM 175 : Found opcode in column 1. (MOVF)
Warning[203] F:\STUDY\MICROPROCESSOR\SHERAZI\PROJECTSHERAZ.ASM 176 : Found opcode in column 1. (CALL)
Warning[203] F:\STUDY\MICROPROCESSOR\SHERAZI\PROJECTSHERAZ.ASM 177 : Found opcode in column 1. (CALL)
Warning[203] F:\STUDY\MICROPROCESSOR\SHERAZI\PROJECTSHERAZ.ASM 179 : Found opcode in column 1. (MOVFF)
Warning[203] F:\STUDY\MICROPROCESSOR\SHERAZI\PROJECTSHERAZ.ASM 180 : Found opcode in column 1. (MOVF)
Warning[203] F:\STUDY\MICROPROCESSOR\SHERAZI\PROJECTSHERAZ.ASM 182 : Found opcode in column 1. (BRA)
Warning[203] F:\STUDY\MICROPROCESSOR\SHERAZI\PROJECTSHERAZ.ASM 183 : Found opcode in column 1. (BRA)
Warning[203] F:\STUDY\MICROPROCESSOR\SHERAZI\PROJECTSHERAZ.ASM 198 : Found opcode in column 1. (MOVWF)
Warning[203] F:\STUDY\MICROPROCESSOR\SHERAZI\PROJECTSHERAZ.ASM 199 : Found opcode in column 1. (BCF)
Warning[203] F:\STUDY\MICROPROCESSOR\SHERAZI\PROJECTSHERAZ.ASM 200 : Found opcode in column 1. (BCF)
Warning[203] F:\STUDY\MICROPROCESSOR\SHERAZI\PROJECTSHERAZ.ASM 201 : Found opcode in column 1. (BSF)
Warning[203] F:\STUDY\MICROPROCESSOR\SHERAZI\PROJECTSHERAZ.ASM 202 : Found opcode in column 1. (CALL)
Warning[203] F:\STUDY\MICROPROCESSOR\SHERAZI\PROJECTSHERAZ.ASM 203 : Found opcode in column 1. (BCF)
Warning[203] F:\STUDY\MICROPROCESSOR\SHERAZI\PROJECTSHERAZ.ASM 205 : Found opcode in column 1. (RETURN)
Warning[203] F:\STUDY\MICROPROCESSOR\SHERAZI\PROJECTSHERAZ.ASM 208 : Found opcode in column 1. (MOVWF)
Warning[203] F:\STUDY\MICROPROCESSOR\SHERAZI\PROJECTSHERAZ.ASM 209 : Found opcode in column 1. (BSF)
Warning[203] F:\STUDY\MICROPROCESSOR\SHERAZI\PROJECTSHERAZ.ASM 210 : Found opcode in column 1. (BCF)
Warning[203] F:\STUDY\MICROPROCESSOR\SHERAZI\PROJECTSHERAZ.ASM 211 : Found opcode in column 1. (BSF)
Warning[203] F:\STUDY\MICROPROCESSOR\SHERAZI\PROJECTSHERAZ.ASM 212 : Found opcode in column 1. (CALL)
Warning[203] F:\STUDY\MICROPROCESSOR\SHERAZI\PROJECTSHERAZ.ASM 213 : Found opcode in column 1. (BCF)
Warning[203] F:\STUDY\MICROPROCESSOR\SHERAZI\PROJECTSHERAZ.ASM 215 : Found opcode in column 1. (RETURN)
Warning[203] F:\STUDY\MICROPROCESSOR\SHERAZI\PROJECTSHERAZ.ASM 218 : Found opcode in column 1. (MOVLW)
Warning[203] F:\STUDY\MICROPROCESSOR\SHERAZI\PROJECTSHERAZ.ASM 219 : Found opcode in column 1. (MOVWF)
Warning[203] F:\STUDY\MICROPROCESSOR\SHERAZI\PROJECTSHERAZ.ASM 220 : Found opcode in column 1. (MOVLW)
Warning[203] F:\STUDY\MICROPROCESSOR\SHERAZI\PROJECTSHERAZ.ASM 221 : Found opcode in column 1. (MOVWF)
Warning[203] F:\STUDY\MICROPROCESSOR\SHERAZI\PROJECTSHERAZ.ASM 222 : Found opcode in column 1. (MOVLW)
Warning[203] F:\STUDY\MICROPROCESSOR\SHERAZI\PROJECTSHERAZ.ASM 223 : Found opcode in column 1. (MOVWF)
Warning[203] F:\STUDY\MICROPROCESSOR\SHERAZI\PROJECTSHERAZ.ASM 224 : Found opcode in column 1. (BCF)
Warning[203] F:\STUDY\MICROPROCESSOR\SHERAZI\PROJECTSHERAZ.ASM 225 : Found opcode in column 1. (BSF)
Warning[203] F:\STUDY\MICROPROCESSOR\SHERAZI\PROJECTSHERAZ.ASM 227 : Found opcode in column 1. (BRA)
Warning[203] F:\STUDY\MICROPROCESSOR\SHERAZI\PROJECTSHERAZ.ASM 228 : Found opcode in column 1. (BCF)
Warning[203] F:\STUDY\MICROPROCESSOR\SHERAZI\PROJECTSHERAZ.ASM 231 : Found opcode in column 1. (RETURN)
Warning[203] F:\STUDY\MICROPROCESSOR\SHERAZI\PROJECTSHERAZ.ASM 236 : Found opcode in column 1. (MOVLW)
Warning[203] F:\STUDY\MICROPROCESSOR\SHERAZI\PROJECTSHERAZ.ASM 237 : Found opcode in column 1. (MOVWF)
Warning[203] F:\STUDY\MICROPROCESSOR\SHERAZI\PROJECTSHERAZ.ASM 238 : Found opcode in column 1. (MOVLW)
Warning[203] F:\STUDY\MICROPROCESSOR\SHERAZI\PROJECTSHERAZ.ASM 239 : Found opcode in column 1. (MOVWF)
Warning[203] F:\STUDY\MICROPROCESSOR\SHERAZI\PROJECTSHERAZ.ASM 240 : Found opcode in column 1. (MOVLW)
Warning[203] F:\STUDY\MICROPROCESSOR\SHERAZI\PROJECTSHERAZ.ASM 241 : Found opcode in column 1. (MOVWF)
Warning[203] F:\STUDY\MICROPROCESSOR\SHERAZI\PROJECTSHERAZ.ASM 242 : Found opcode in column 1. (BCF)
Warning[203] F:\STUDY\MICROPROCESSOR\SHERAZI\PROJECTSHERAZ.ASM 243 : Found opcode in column 1. (BSF)
Warning[203] F:\STUDY\MICROPROCESSOR\SHERAZI\PROJECTSHERAZ.ASM 245 : Found opcode in column 1. (BRA)
Warning[203] F:\STUDY\MICROPROCESSOR\SHERAZI\PROJECTSHERAZ.ASM 246 : Found opcode in column 1. (BCF)
Warning[203] F:\STUDY\MICROPROCESSOR\SHERAZI\PROJECTSHERAZ.ASM 249 : Found opcode in column 1. (RETURN)
Warning[203] F:\STUDY\MICROPROCESSOR\SHERAZI\PROJECTSHERAZ.ASM 258 : Found opcode in column 1. (MOVLW)
Warning[203] F:\STUDY\MICROPROCESSOR\SHERAZI\PROJECTSHERAZ.ASM 259 : Found opcode in column 1. (CALL)
Warning[203] F:\STUDY\MICROPROCESSOR\SHERAZI\PROJECTSHERAZ.ASM 260 : Found opcode in column 1. (CALL)
Warning[203] F:\STUDY\MICROPROCESSOR\SHERAZI\PROJECTSHERAZ.ASM 261 : Found opcode in column 1. (MOVLW)
Warning[203] F:\STUDY\MICROPROCESSOR\SHERAZI\PROJECTSHERAZ.ASM 262 : Found opcode in column 1. (CALL)
Warning[203] F:\STUDY\MICROPROCESSOR\SHERAZI\PROJECTSHERAZ.ASM 263 : Found opcode in column 1. (CALL)
Warning[203] F:\STUDY\MICROPROCESSOR\SHERAZI\PROJECTSHERAZ.ASM 264 : Found opcode in column 1. (MOVLW)
Warning[203] F:\STUDY\MICROPROCESSOR\SHERAZI\PROJECTSHERAZ.ASM 265 : Found opcode in column 1. (CALL)
Warning[203] F:\STUDY\MICROPROCESSOR\SHERAZI\PROJECTSHERAZ.ASM 266 : Found opcode in column 1. (CALL)
Warning[203] F:\STUDY\MICROPROCESSOR\SHERAZI\PROJECTSHERAZ.ASM 267 : Found opcode in column 1. (MOVLW)
Warning[203] F:\STUDY\MICROPROCESSOR\SHERAZI\PROJECTSHERAZ.ASM 268 : Found opcode in column 1. (CALL)
Warning[203] F:\STUDY\MICROPROCESSOR\SHERAZI\PROJECTSHERAZ.ASM 269 : Found opcode in column 1. (CALL)
Warning[203] F:\STUDY\MICROPROCESSOR\SHERAZI\PROJECTSHERAZ.ASM 270 : Found opcode in column 1. (MOVLW)
Warning[203] F:\STUDY\MICROPROCESSOR\SHERAZI\PROJECTSHERAZ.ASM 271 : Found opcode in column 1. (CALL)
Warning[203] F:\STUDY\MICROPROCESSOR\SHERAZI\PROJECTSHERAZ.ASM 272 : Found opcode in column 1. (CALL)
Warning[203] F:\STUDY\MICROPROCESSOR\SHERAZI\PROJECTSHERAZ.ASM 273 : Found opcode in column 1. (MOVLW)
Warning[203] F:\STUDY\MICROPROCESSOR\SHERAZI\PROJECTSHERAZ.ASM 274 : Found opcode in column 1. (CALL)
Warning[203] F:\STUDY\MICROPROCESSOR\SHERAZI\PROJECTSHERAZ.ASM 275 : Found opcode in column 1. (CALL)
Warning[203] F:\STUDY\MICROPROCESSOR\SHERAZI\PROJECTSHERAZ.ASM 276 : Found opcode in column 1. (MOVLW)
Warning[203] F:\STUDY\MICROPROCESSOR\SHERAZI\PROJECTSHERAZ.ASM 277 : Found opcode in column 1. (CALL)
Warning[203] F:\STUDY\MICROPROCESSOR\SHERAZI\PROJECTSHERAZ.ASM 278 : Found opcode in column 1. (CALL)
Warning[203] F:\STUDY\MICROPROCESSOR\SHERAZI\PROJECTSHERAZ.ASM 279 : Found opcode in column 1. (MOVLW)
Warning[203] F:\STUDY\MICROPROCESSOR\SHERAZI\PROJECTSHERAZ.ASM 280 : Found opcode in column 1. (CALL)
Warning[203] F:\STUDY\MICROPROCESSOR\SHERAZI\PROJECTSHERAZ.ASM 281 : Found opcode in column 1. (CALL)
Warning[203] F:\STUDY\MICROPROCESSOR\SHERAZI\PROJECTSHERAZ.ASM 282 : Found opcode in column 1. (MOVLW)
Warning[203] F:\STUDY\MICROPROCESSOR\SHERAZI\PROJECTSHERAZ.ASM 283 : Found opcode in column 1. (CALL)
Warning[203] F:\STUDY\MICROPROCESSOR\SHERAZI\PROJECTSHERAZ.ASM 284 : Found opcode in column 1. (CALL)
Warning[203] F:\STUDY\MICROPROCESSOR\SHERAZI\PROJECTSHERAZ.ASM 285 : Found opcode in column 1. (MOVLW)
Warning[203] F:\STUDY\MICROPROCESSOR\SHERAZI\PROJECTSHERAZ.ASM 286 : Found opcode in column 1. (CALL)
Warning[203] F:\STUDY\MICROPROCESSOR\SHERAZI\PROJECTSHERAZ.ASM 287 : Found opcode in column 1. (CALL)
Warning[203] F:\STUDY\MICROPROCESSOR\SHERAZI\PROJECTSHERAZ.ASM 288 : Found opcode in column 1. (MOVLW)
Warning[203] F:\STUDY\MICROPROCESSOR\SHERAZI\PROJECTSHERAZ.ASM 289 : Found opcode in column 1. (CALL)
Warning[203] F:\STUDY\MICROPROCESSOR\SHERAZI\PROJECTSHERAZ.ASM 290 : Found opcode in column 1. (CALL)
Warning[203] F:\STUDY\MICROPROCESSOR\SHERAZI\PROJECTSHERAZ.ASM 291 : Found opcode in column 1. (MOVLW)
Warning[203] F:\STUDY\MICROPROCESSOR\SHERAZI\PROJECTSHERAZ.ASM 292 : Found opcode in column 1. (CALL)
Warning[203] F:\STUDY\MICROPROCESSOR\SHERAZI\PROJECTSHERAZ.ASM 293 : Found opcode in column 1. (CALL)
Warning[203] F:\STUDY\MICROPROCESSOR\SHERAZI\PROJECTSHERAZ.ASM 295 : Found opcode in column 1. (MOVLW)
Warning[203] F:\STUDY\MICROPROCESSOR\SHERAZI\PROJECTSHERAZ.ASM 296 : Found opcode in column 1. (CALL)
Warning[203] F:\STUDY\MICROPROCESSOR\SHERAZI\PROJECTSHERAZ.ASM 297 : Found opcode in column 1. (CALL)
Warning[203] F:\STUDY\MICROPROCESSOR\SHERAZI\PROJECTSHERAZ.ASM 300 : Found opcode in column 1. (MOVLW)
Warning[203] F:\STUDY\MICROPROCESSOR\SHERAZI\PROJECTSHERAZ.ASM 301 : Found opcode in column 1. (CALL)
Warning[203] F:\STUDY\MICROPROCESSOR\SHERAZI\PROJECTSHERAZ.ASM 302 : Found opcode in column 1. (CALL)
Warning[203] F:\STUDY\MICROPROCESSOR\SHERAZI\PROJECTSHERAZ.ASM 303 : Found opcode in column 1. (MOVLW)
Warning[203] F:\STUDY\MICROPROCESSOR\SHERAZI\PROJECTSHERAZ.ASM 304 : Found opcode in column 1. (CALL)
Warning[203] F:\STUDY\MICROPROCESSOR\SHERAZI\PROJECTSHERAZ.ASM 305 : Found opcode in column 1. (CALL)
Warning[203] F:\STUDY\MICROPROCESSOR\SHERAZI\PROJECTSHERAZ.ASM 306 : Found opcode in column 1. (MOVLW)
Warning[203] F:\STUDY\MICROPROCESSOR\SHERAZI\PROJECTSHERAZ.ASM 307 : Found opcode in column 1. (CALL)
Warning[203] F:\STUDY\MICROPROCESSOR\SHERAZI\PROJECTSHERAZ.ASM 308 : Found opcode in column 1. (CALL)
Warning[203] F:\STUDY\MICROPROCESSOR\SHERAZI\PROJECTSHERAZ.ASM 309 : Found opcode in column 1. (MOVLW)
Warning[203] F:\STUDY\MICROPROCESSOR\SHERAZI\PROJECTSHERAZ.ASM 310 : Found opcode in column 1. (CALL)
Warning[203] F:\STUDY\MICROPROCESSOR\SHERAZI\PROJECTSHERAZ.ASM 311 : Found opcode in column 1. (CALL)
Warning[203] F:\STUDY\MICROPROCESSOR\SHERAZI\PROJECTSHERAZ.ASM 312 : Found opcode in column 1. (MOVLW)
Warning[203] F:\STUDY\MICROPROCESSOR\SHERAZI\PROJECTSHERAZ.ASM 313 : Found opcode in column 1. (CALL)
Warning[203] F:\STUDY\MICROPROCESSOR\SHERAZI\PROJECTSHERAZ.ASM 314 : Found opcode in column 1. (CALL)
Warning[203] F:\STUDY\MICROPROCESSOR\SHERAZI\PROJECTSHERAZ.ASM 315 : Found opcode in column 1. (MOVLW)
Warning[203] F:\STUDY\MICROPROCESSOR\SHERAZI\PROJECTSHERAZ.ASM 316 : Found opcode in column 1. (CALL)
Warning[203] F:\STUDY\MICROPROCESSOR\SHERAZI\PROJECTSHERAZ.ASM 317 : Found opcode in column 1. (CALL)
Warning[203] F:\STUDY\MICROPROCESSOR\SHERAZI\PROJECTSHERAZ.ASM 318 : Found opcode in column 1. (MOVLW)
Warning[203] F:\STUDY\MICROPROCESSOR\SHERAZI\PROJECTSHERAZ.ASM 319 : Found opcode in column 1. (CALL)
Warning[203] F:\STUDY\MICROPROCESSOR\SHERAZI\PROJECTSHERAZ.ASM 320 : Found opcode in column 1. (CALL)
Warning[203] F:\STUDY\MICROPROCESSOR\SHERAZI\PROJECTSHERAZ.ASM 321 : Found opcode in column 1. (MOVLW)
Warning[203] F:\STUDY\MICROPROCESSOR\SHERAZI\PROJECTSHERAZ.ASM 322 : Found opcode in column 1. (CALL)
Warning[203] F:\STUDY\MICROPROCESSOR\SHERAZI\PROJECTSHERAZ.ASM 323 : Found opcode in column 1. (CALL)
Warning[203] F:\STUDY\MICROPROCESSOR\SHERAZI\PROJECTSHERAZ.ASM 324 : Found opcode in column 1. (MOVLW)
Warning[203] F:\STUDY\MICROPROCESSOR\SHERAZI\PROJECTSHERAZ.ASM 325 : Found opcode in column 1. (CALL)
Warning[203] F:\STUDY\MICROPROCESSOR\SHERAZI\PROJECTSHERAZ.ASM 326 : Found opcode in column 1. (CALL)
Warning[203] F:\STUDY\MICROPROCESSOR\SHERAZI\PROJECTSHERAZ.ASM 327 : Found opcode in column 1. (MOVLW)
Warning[203] F:\STUDY\MICROPROCESSOR\SHERAZI\PROJECTSHERAZ.ASM 328 : Found opcode in column 1. (CALL)
Warning[203] F:\STUDY\MICROPROCESSOR\SHERAZI\PROJECTSHERAZ.ASM 329 : Found opcode in column 1. (CALL)
Warning[203] F:\STUDY\MICROPROCESSOR\SHERAZI\PROJECTSHERAZ.ASM 330 : Found opcode in column 1. (MOVLW)
Warning[203] F:\STUDY\MICROPROCESSOR\SHERAZI\PROJECTSHERAZ.ASM 331 : Found opcode in column 1. (CALL)
Warning[203] F:\STUDY\MICROPROCESSOR\SHERAZI\PROJECTSHERAZ.ASM 332 : Found opcode in column 1. (CALL)
Warning[203] F:\STUDY\MICROPROCESSOR\SHERAZI\PROJECTSHERAZ.ASM 333 : Found opcode in column 1. (MOVLW)
Warning[203] F:\STUDY\MICROPROCESSOR\SHERAZI\PROJECTSHERAZ.ASM 334 : Found opcode in column 1. (CALL)
Warning[203] F:\STUDY\MICROPROCESSOR\SHERAZI\PROJECTSHERAZ.ASM 335 : Found opcode in column 1. (CALL)
Warning[203] F:\STUDY\MICROPROCESSOR\SHERAZI\PROJECTSHERAZ.ASM 338 : Found opcode in column 1. (RETURN)
Warning[203] F:\STUDY\MICROPROCESSOR\SHERAZI\PROJECTSHERAZ.ASM 353 : Found opcode in column 1. (MOVWF)
Warning[203] F:\STUDY\MICROPROCESSOR\SHERAZI\PROJECTSHERAZ.ASM 354 : Found opcode in column 1. (movlw)
Warning[203] F:\STUDY\MICROPROCESSOR\SHERAZI\PROJECTSHERAZ.ASM 355 : Found opcode in column 1. (movwf)
Warning[203] F:\STUDY\MICROPROCESSOR\SHERAZI\PROJECTSHERAZ.ASM 357 : Found opcode in column 1. (CPFSLT)
Warning[203] F:\STUDY\MICROPROCESSOR\SHERAZI\PROJECTSHERAZ.ASM 358 : Found opcode in column 1. (BRA)
Warning[203] F:\STUDY\MICROPROCESSOR\SHERAZI\PROJECTSHERAZ.ASM 359 : Found opcode in column 1. (MOVLW)
Warning[203] F:\STUDY\MICROPROCESSOR\SHERAZI\PROJECTSHERAZ.ASM 360 : Found opcode in column 1. (ADDWF)
Warning[203] F:\STUDY\MICROPROCESSOR\SHERAZI\PROJECTSHERAZ.ASM 362 : Found opcode in column 1. (MOVLW)
Warning[203] F:\STUDY\MICROPROCESSOR\SHERAZI\PROJECTSHERAZ.ASM 363 : Found opcode in column 1. (CALL)
Warning[203] F:\STUDY\MICROPROCESSOR\SHERAZI\PROJECTSHERAZ.ASM 364 : Found opcode in column 1. (CALL)
Warning[203] F:\STUDY\MICROPROCESSOR\SHERAZI\PROJECTSHERAZ.ASM 366 : Found opcode in column 1. (MOVF)
Warning[203] F:\STUDY\MICROPROCESSOR\SHERAZI\PROJECTSHERAZ.ASM 367 : Found opcode in column 1. (CALL)
Warning[203] F:\STUDY\MICROPROCESSOR\SHERAZI\PROJECTSHERAZ.ASM 368 : Found opcode in column 1. (CALL)
Warning[203] F:\STUDY\MICROPROCESSOR\SHERAZI\PROJECTSHERAZ.ASM 371 : Found opcode in column 1. (RETURN)
Warning[203] F:\STUDY\MICROPROCESSOR\SHERAZI\PROJECTSHERAZ.ASM 379 : Found opcode in column 1. (MOVLW)
Warning[203] F:\STUDY\MICROPROCESSOR\SHERAZI\PROJECTSHERAZ.ASM 380 : Found opcode in column 1. (MOVWF)
Warning[203] F:\STUDY\MICROPROCESSOR\SHERAZI\PROJECTSHERAZ.ASM 381 : Found opcode in column 1. (MOVFF)
Warning[203] F:\STUDY\MICROPROCESSOR\SHERAZI\PROJECTSHERAZ.ASM 382 : Found opcode in column 1. (MOVLW)
Warning[203] F:\STUDY\MICROPROCESSOR\SHERAZI\PROJECTSHERAZ.ASM 385 : Found opcode in column 1. (SUBWF)
Warning[203] F:\STUDY\MICROPROCESSOR\SHERAZI\PROJECTSHERAZ.ASM 386 : Found opcode in column 1. (BNN)
Warning[203] F:\STUDY\MICROPROCESSOR\SHERAZI\PROJECTSHERAZ.ASM 387 : Found opcode in column 1. (DECF)
Warning[203] F:\STUDY\MICROPROCESSOR\SHERAZI\PROJECTSHERAZ.ASM 388 : Found opcode in column 1. (ADDWF)
Warning[203] F:\STUDY\MICROPROCESSOR\SHERAZI\PROJECTSHERAZ.ASM 392 : Found opcode in column 1. (MOVLW)
Warning[203] F:\STUDY\MICROPROCESSOR\SHERAZI\PROJECTSHERAZ.ASM 393 : Found opcode in column 1. (ADDWF)
Warning[203] F:\STUDY\MICROPROCESSOR\SHERAZI\PROJECTSHERAZ.ASM 394 : Found opcode in column 1. (MOVF)
Warning[203] F:\STUDY\MICROPROCESSOR\SHERAZI\PROJECTSHERAZ.ASM 395 : Found opcode in column 1. (CALL)
Warning[203] F:\STUDY\MICROPROCESSOR\SHERAZI\PROJECTSHERAZ.ASM 396 : Found opcode in column 1. (CALL)
Warning[203] F:\STUDY\MICROPROCESSOR\SHERAZI\PROJECTSHERAZ.ASM 398 : Found opcode in column 1. (MOVLW)
Warning[203] F:\STUDY\MICROPROCESSOR\SHERAZI\PROJECTSHERAZ.ASM 399 : Found opcode in column 1. (ADDWF)
Warning[203] F:\STUDY\MICROPROCESSOR\SHERAZI\PROJECTSHERAZ.ASM 400 : Found opcode in column 1. (MOVF)
Warning[203] F:\STUDY\MICROPROCESSOR\SHERAZI\PROJECTSHERAZ.ASM 401 : Found opcode in column 1. (CALL)
Warning[203] F:\STUDY\MICROPROCESSOR\SHERAZI\PROJECTSHERAZ.ASM 402 : Found opcode in column 1. (CALL)
Warning[203] F:\STUDY\MICROPROCESSOR\SHERAZI\PROJECTSHERAZ.ASM 405 : Found opcode in column 1. (RETURN)
Warning[205] F:\STUDY\MICROPROCESSOR\SHERAZI\PROJECTSHERAZ.ASM 415 : Found directive in column 1. (ORG)
Warning[203] F:\STUDY\MICROPROCESSOR\SHERAZI\PROJECTSHERAZ.ASM 416 : Found opcode in column 1. (INCF)
Warning[203] F:\STUDY\MICROPROCESSOR\SHERAZI\PROJECTSHERAZ.ASM 418 : Found opcode in column 1. (BCF)
Warning[203] F:\STUDY\MICROPROCESSOR\SHERAZI\PROJECTSHERAZ.ASM 419 : Found opcode in column 1. (BCF)
Warning[203] F:\STUDY\MICROPROCESSOR\SHERAZI\PROJECTSHERAZ.ASM 420 : Found opcode in column 1. (RETFIE)
Warning[205] F:\STUDY\MICROPROCESSOR\SHERAZI\PROJECTSHERAZ.ASM 429 : Found directive in column 1. (end)
