Warning[205] F:\STUDY\MICROPROCESSOR\FINAL TIMER\FINAL.ASM 1 : Found directive in column 1. (LIST)
Warning[205] F:\STUDY\MICROPROCESSOR\FINAL TIMER\FINAL.ASM 2 : Found directive in column 1. (config)
Warning[205] F:\STUDY\MICROPROCESSOR\FINAL TIMER\FINAL.ASM 6 : Found directive in column 1. (ORG)
Warning[203] F:\STUDY\MICROPROCESSOR\FINAL TIMER\FINAL.ASM 7 : Found opcode in column 1. (MOVLW)
Warning[203] F:\STUDY\MICROPROCESSOR\FINAL TIMER\FINAL.ASM 8 : Found opcode in column 1. (MOVWF)
Warning[203] F:\STUDY\MICROPROCESSOR\FINAL TIMER\FINAL.ASM 18 : Found opcode in column 1. (BCF)
Warning[203] F:\STUDY\MICROPROCESSOR\FINAL TIMER\FINAL.ASM 19 : Found opcode in column 1. (BCF)
Warning[203] F:\STUDY\MICROPROCESSOR\FINAL TIMER\FINAL.ASM 20 : Found opcode in column 1. (BCF)
Warning[203] F:\STUDY\MICROPROCESSOR\FINAL TIMER\FINAL.ASM 22 : Found opcode in column 1. (CLRF)
Warning[203] F:\STUDY\MICROPROCESSOR\FINAL TIMER\FINAL.ASM 24 : Found opcode in column 1. (MOVLW)
Warning[203] F:\STUDY\MICROPROCESSOR\FINAL TIMER\FINAL.ASM 25 : Found opcode in column 1. (MOVWF)
Warning[203] F:\STUDY\MICROPROCESSOR\FINAL TIMER\FINAL.ASM 27 : Found opcode in column 1. (BCF)
Warning[203] F:\STUDY\MICROPROCESSOR\FINAL TIMER\FINAL.ASM 28 : Found opcode in column 1. (CALL)
Warning[203] F:\STUDY\MICROPROCESSOR\FINAL TIMER\FINAL.ASM 29 : Found opcode in column 1. (MOVLW)
Warning[203] F:\STUDY\MICROPROCESSOR\FINAL TIMER\FINAL.ASM 30 : Found opcode in column 1. (CALL)
Warning[203] F:\STUDY\MICROPROCESSOR\FINAL TIMER\FINAL.ASM 31 : Found opcode in column 1. (CALL)
Warning[203] F:\STUDY\MICROPROCESSOR\FINAL TIMER\FINAL.ASM 32 : Found opcode in column 1. (MOVLW)
Warning[203] F:\STUDY\MICROPROCESSOR\FINAL TIMER\FINAL.ASM 33 : Found opcode in column 1. (CALL)
Warning[203] F:\STUDY\MICROPROCESSOR\FINAL TIMER\FINAL.ASM 34 : Found opcode in column 1. (CALL)
Warning[203] F:\STUDY\MICROPROCESSOR\FINAL TIMER\FINAL.ASM 35 : Found opcode in column 1. (MOVLW)
Warning[203] F:\STUDY\MICROPROCESSOR\FINAL TIMER\FINAL.ASM 36 : Found opcode in column 1. (CALL)
Warning[203] F:\STUDY\MICROPROCESSOR\FINAL TIMER\FINAL.ASM 37 : Found opcode in column 1. (CALL)
Warning[203] F:\STUDY\MICROPROCESSOR\FINAL TIMER\FINAL.ASM 38 : Found opcode in column 1. (MOVLW)
Warning[203] F:\STUDY\MICROPROCESSOR\FINAL TIMER\FINAL.ASM 39 : Found opcode in column 1. (CALL)
Warning[203] F:\STUDY\MICROPROCESSOR\FINAL TIMER\FINAL.ASM 40 : Found opcode in column 1. (CALL)
Warning[203] F:\STUDY\MICROPROCESSOR\FINAL TIMER\FINAL.ASM 42 : Found opcode in column 1. (MOVLW)
Warning[203] F:\STUDY\MICROPROCESSOR\FINAL TIMER\FINAL.ASM 43 : Found opcode in column 1. (CALL)
Warning[203] F:\STUDY\MICROPROCESSOR\FINAL TIMER\FINAL.ASM 44 : Found opcode in column 1. (CALL)
Warning[203] F:\STUDY\MICROPROCESSOR\FINAL TIMER\FINAL.ASM 58 : Found opcode in column 1. (MOVLW)
Warning[203] F:\STUDY\MICROPROCESSOR\FINAL TIMER\FINAL.ASM 59 : Found opcode in column 1. (CALL)
Warning[203] F:\STUDY\MICROPROCESSOR\FINAL TIMER\FINAL.ASM 60 : Found opcode in column 1. (CALL)
Warning[203] F:\STUDY\MICROPROCESSOR\FINAL TIMER\FINAL.ASM 62 : Found opcode in column 1. (BSF)
Warning[203] F:\STUDY\MICROPROCESSOR\FINAL TIMER\FINAL.ASM 63 : Found opcode in column 1. (BSF)
Warning[203] F:\STUDY\MICROPROCESSOR\FINAL TIMER\FINAL.ASM 65 : Found opcode in column 1. (MOVLW)
Warning[203] F:\STUDY\MICROPROCESSOR\FINAL TIMER\FINAL.ASM 66 : Found opcode in column 1. (CALL)
Warning[203] F:\STUDY\MICROPROCESSOR\FINAL TIMER\FINAL.ASM 67 : Found opcode in column 1. (CALL)
Warning[203] F:\STUDY\MICROPROCESSOR\FINAL TIMER\FINAL.ASM 68 : Found opcode in column 1. (MOVLW)
Warning[203] F:\STUDY\MICROPROCESSOR\FINAL TIMER\FINAL.ASM 69 : Found opcode in column 1. (CALL)
Warning[203] F:\STUDY\MICROPROCESSOR\FINAL TIMER\FINAL.ASM 70 : Found opcode in column 1. (CALL)
Warning[203] F:\STUDY\MICROPROCESSOR\FINAL TIMER\FINAL.ASM 71 : Found opcode in column 1. (MOVLW)
Warning[203] F:\STUDY\MICROPROCESSOR\FINAL TIMER\FINAL.ASM 72 : Found opcode in column 1. (CALL)
Warning[203] F:\STUDY\MICROPROCESSOR\FINAL TIMER\FINAL.ASM 73 : Found opcode in column 1. (CALL)
Warning[203] F:\STUDY\MICROPROCESSOR\FINAL TIMER\FINAL.ASM 74 : Found opcode in column 1. (MOVLW)
Warning[203] F:\STUDY\MICROPROCESSOR\FINAL TIMER\FINAL.ASM 75 : Found opcode in column 1. (CALL)
Warning[203] F:\STUDY\MICROPROCESSOR\FINAL TIMER\FINAL.ASM 76 : Found opcode in column 1. (CALL)
Warning[203] F:\STUDY\MICROPROCESSOR\FINAL TIMER\FINAL.ASM 78 : Found opcode in column 1. (MOVLW)
Warning[203] F:\STUDY\MICROPROCESSOR\FINAL TIMER\FINAL.ASM 79 : Found opcode in column 1. (CALL)
Warning[203] F:\STUDY\MICROPROCESSOR\FINAL TIMER\FINAL.ASM 80 : Found opcode in column 1. (CALL)
Warning[203] F:\STUDY\MICROPROCESSOR\FINAL TIMER\FINAL.ASM 81 : Found opcode in column 1. (MOVLW)
Warning[203] F:\STUDY\MICROPROCESSOR\FINAL TIMER\FINAL.ASM 82 : Found opcode in column 1. (CALL)
Warning[203] F:\STUDY\MICROPROCESSOR\FINAL TIMER\FINAL.ASM 83 : Found opcode in column 1. (CALL)
Warning[203] F:\STUDY\MICROPROCESSOR\FINAL TIMER\FINAL.ASM 84 : Found opcode in column 1. (MOVLW)
Warning[203] F:\STUDY\MICROPROCESSOR\FINAL TIMER\FINAL.ASM 85 : Found opcode in column 1. (CALL)
Warning[203] F:\STUDY\MICROPROCESSOR\FINAL TIMER\FINAL.ASM 86 : Found opcode in column 1. (CALL)
Warning[203] F:\STUDY\MICROPROCESSOR\FINAL TIMER\FINAL.ASM 87 : Found opcode in column 1. (MOVLW)
Warning[203] F:\STUDY\MICROPROCESSOR\FINAL TIMER\FINAL.ASM 88 : Found opcode in column 1. (CALL)
Warning[203] F:\STUDY\MICROPROCESSOR\FINAL TIMER\FINAL.ASM 89 : Found opcode in column 1. (CALL)
Warning[203] F:\STUDY\MICROPROCESSOR\FINAL TIMER\FINAL.ASM 90 : Found opcode in column 1. (MOVLW)
Warning[203] F:\STUDY\MICROPROCESSOR\FINAL TIMER\FINAL.ASM 91 : Found opcode in column 1. (CALL)
Warning[203] F:\STUDY\MICROPROCESSOR\FINAL TIMER\FINAL.ASM 92 : Found opcode in column 1. (CALL)
Warning[203] F:\STUDY\MICROPROCESSOR\FINAL TIMER\FINAL.ASM 93 : Found opcode in column 1. (MOVLW)
Warning[203] F:\STUDY\MICROPROCESSOR\FINAL TIMER\FINAL.ASM 94 : Found opcode in column 1. (CALL)
Warning[203] F:\STUDY\MICROPROCESSOR\FINAL TIMER\FINAL.ASM 95 : Found opcode in column 1. (CALL)
Warning[203] F:\STUDY\MICROPROCESSOR\FINAL TIMER\FINAL.ASM 97 : Found opcode in column 1. (MOVLW)
Warning[203] F:\STUDY\MICROPROCESSOR\FINAL TIMER\FINAL.ASM 98 : Found opcode in column 1. (CALL)
Warning[203] F:\STUDY\MICROPROCESSOR\FINAL TIMER\FINAL.ASM 99 : Found opcode in column 1. (CALL)
Warning[203] F:\STUDY\MICROPROCESSOR\FINAL TIMER\FINAL.ASM 100 : Found opcode in column 1. (MOVLW)
Warning[203] F:\STUDY\MICROPROCESSOR\FINAL TIMER\FINAL.ASM 101 : Found opcode in column 1. (CALL)
Warning[203] F:\STUDY\MICROPROCESSOR\FINAL TIMER\FINAL.ASM 102 : Found opcode in column 1. (CALL)
Warning[203] F:\STUDY\MICROPROCESSOR\FINAL TIMER\FINAL.ASM 103 : Found opcode in column 1. (MOVLW)
Warning[203] F:\STUDY\MICROPROCESSOR\FINAL TIMER\FINAL.ASM 104 : Found opcode in column 1. (CALL)
Warning[203] F:\STUDY\MICROPROCESSOR\FINAL TIMER\FINAL.ASM 105 : Found opcode in column 1. (CALL)
Warning[203] F:\STUDY\MICROPROCESSOR\FINAL TIMER\FINAL.ASM 106 : Found opcode in column 1. (MOVLW)
Warning[203] F:\STUDY\MICROPROCESSOR\FINAL TIMER\FINAL.ASM 107 : Found opcode in column 1. (CALL)
Warning[203] F:\STUDY\MICROPROCESSOR\FINAL TIMER\FINAL.ASM 108 : Found opcode in column 1. (CALL)
Warning[203] F:\STUDY\MICROPROCESSOR\FINAL TIMER\FINAL.ASM 110 : Found opcode in column 1. (MOVLW)
Warning[203] F:\STUDY\MICROPROCESSOR\FINAL TIMER\FINAL.ASM 111 : Found opcode in column 1. (CALL)
Warning[203] F:\STUDY\MICROPROCESSOR\FINAL TIMER\FINAL.ASM 112 : Found opcode in column 1. (CALL)
Warning[203] F:\STUDY\MICROPROCESSOR\FINAL TIMER\FINAL.ASM 115 : Found opcode in column 1. (MOVLW)
Warning[203] F:\STUDY\MICROPROCESSOR\FINAL TIMER\FINAL.ASM 116 : Found opcode in column 1. (CALL)
Warning[203] F:\STUDY\MICROPROCESSOR\FINAL TIMER\FINAL.ASM 117 : Found opcode in column 1. (CALL)
Warning[203] F:\STUDY\MICROPROCESSOR\FINAL TIMER\FINAL.ASM 119 : Found opcode in column 1. (MOVLW)
Warning[203] F:\STUDY\MICROPROCESSOR\FINAL TIMER\FINAL.ASM 120 : Found opcode in column 1. (CALL)
Warning[203] F:\STUDY\MICROPROCESSOR\FINAL TIMER\FINAL.ASM 121 : Found opcode in column 1. (CALL)
Warning[203] F:\STUDY\MICROPROCESSOR\FINAL TIMER\FINAL.ASM 123 : Found opcode in column 1. (MOVLW)
Warning[203] F:\STUDY\MICROPROCESSOR\FINAL TIMER\FINAL.ASM 124 : Found opcode in column 1. (CALL)
Warning[203] F:\STUDY\MICROPROCESSOR\FINAL TIMER\FINAL.ASM 125 : Found opcode in column 1. (CALL)
Warning[203] F:\STUDY\MICROPROCESSOR\FINAL TIMER\FINAL.ASM 126 : Found opcode in column 1. (MOVLW)
Warning[203] F:\STUDY\MICROPROCESSOR\FINAL TIMER\FINAL.ASM 127 : Found opcode in column 1. (CALL)
Warning[203] F:\STUDY\MICROPROCESSOR\FINAL TIMER\FINAL.ASM 128 : Found opcode in column 1. (CALL)
Warning[203] F:\STUDY\MICROPROCESSOR\FINAL TIMER\FINAL.ASM 129 : Found opcode in column 1. (MOVLW)
Warning[203] F:\STUDY\MICROPROCESSOR\FINAL TIMER\FINAL.ASM 130 : Found opcode in column 1. (CALL)
Warning[203] F:\STUDY\MICROPROCESSOR\FINAL TIMER\FINAL.ASM 131 : Found opcode in column 1. (CALL)
Warning[203] F:\STUDY\MICROPROCESSOR\FINAL TIMER\FINAL.ASM 132 : Found opcode in column 1. (MOVLW)
Warning[203] F:\STUDY\MICROPROCESSOR\FINAL TIMER\FINAL.ASM 133 : Found opcode in column 1. (CALL)
Warning[203] F:\STUDY\MICROPROCESSOR\FINAL TIMER\FINAL.ASM 134 : Found opcode in column 1. (CALL)
Warning[203] F:\STUDY\MICROPROCESSOR\FINAL TIMER\FINAL.ASM 135 : Found opcode in column 1. (MOVLW)
Warning[203] F:\STUDY\MICROPROCESSOR\FINAL TIMER\FINAL.ASM 136 : Found opcode in column 1. (CALL)
Warning[203] F:\STUDY\MICROPROCESSOR\FINAL TIMER\FINAL.ASM 137 : Found opcode in column 1. (CALL)
Warning[203] F:\STUDY\MICROPROCESSOR\FINAL TIMER\FINAL.ASM 138 : Found opcode in column 1. (MOVLW)
Warning[203] F:\STUDY\MICROPROCESSOR\FINAL TIMER\FINAL.ASM 139 : Found opcode in column 1. (CALL)
Warning[203] F:\STUDY\MICROPROCESSOR\FINAL TIMER\FINAL.ASM 140 : Found opcode in column 1. (CALL)
Warning[203] F:\STUDY\MICROPROCESSOR\FINAL TIMER\FINAL.ASM 141 : Found opcode in column 1. (MOVLW)
Warning[203] F:\STUDY\MICROPROCESSOR\FINAL TIMER\FINAL.ASM 142 : Found opcode in column 1. (CALL)
Warning[203] F:\STUDY\MICROPROCESSOR\FINAL TIMER\FINAL.ASM 143 : Found opcode in column 1. (CALL)
Warning[203] F:\STUDY\MICROPROCESSOR\FINAL TIMER\FINAL.ASM 144 : Found opcode in column 1. (MOVLW)
Warning[203] F:\STUDY\MICROPROCESSOR\FINAL TIMER\FINAL.ASM 145 : Found opcode in column 1. (CALL)
Warning[203] F:\STUDY\MICROPROCESSOR\FINAL TIMER\FINAL.ASM 146 : Found opcode in column 1. (CALL)
Warning[203] F:\STUDY\MICROPROCESSOR\FINAL TIMER\FINAL.ASM 147 : Found opcode in column 1. (MOVLW)
Warning[203] F:\STUDY\MICROPROCESSOR\FINAL TIMER\FINAL.ASM 148 : Found opcode in column 1. (CALL)
Warning[203] F:\STUDY\MICROPROCESSOR\FINAL TIMER\FINAL.ASM 149 : Found opcode in column 1. (CALL)
Warning[203] F:\STUDY\MICROPROCESSOR\FINAL TIMER\FINAL.ASM 150 : Found opcode in column 1. (MOVLW)
Warning[203] F:\STUDY\MICROPROCESSOR\FINAL TIMER\FINAL.ASM 151 : Found opcode in column 1. (CALL)
Warning[203] F:\STUDY\MICROPROCESSOR\FINAL TIMER\FINAL.ASM 152 : Found opcode in column 1. (CALL)
Warning[203] F:\STUDY\MICROPROCESSOR\FINAL TIMER\FINAL.ASM 153 : Found opcode in column 1. (MOVLW)
Warning[203] F:\STUDY\MICROPROCESSOR\FINAL TIMER\FINAL.ASM 154 : Found opcode in column 1. (CALL)
Warning[203] F:\STUDY\MICROPROCESSOR\FINAL TIMER\FINAL.ASM 155 : Found opcode in column 1. (CALL)
Warning[203] F:\STUDY\MICROPROCESSOR\FINAL TIMER\FINAL.ASM 156 : Found opcode in column 1. (MOVLW)
Warning[203] F:\STUDY\MICROPROCESSOR\FINAL TIMER\FINAL.ASM 157 : Found opcode in column 1. (CALL)
Warning[203] F:\STUDY\MICROPROCESSOR\FINAL TIMER\FINAL.ASM 158 : Found opcode in column 1. (CALL)
Warning[203] F:\STUDY\MICROPROCESSOR\FINAL TIMER\FINAL.ASM 159 : Found opcode in column 1. (MOVLW)
Warning[203] F:\STUDY\MICROPROCESSOR\FINAL TIMER\FINAL.ASM 160 : Found opcode in column 1. (CALL)
Warning[203] F:\STUDY\MICROPROCESSOR\FINAL TIMER\FINAL.ASM 161 : Found opcode in column 1. (CALL)
Warning[203] F:\STUDY\MICROPROCESSOR\FINAL TIMER\FINAL.ASM 167 : Found opcode in column 1. (BRA)
Warning[203] F:\STUDY\MICROPROCESSOR\FINAL TIMER\FINAL.ASM 169 : Found opcode in column 1. (MOVLW)
Warning[203] F:\STUDY\MICROPROCESSOR\FINAL TIMER\FINAL.ASM 170 : Found opcode in column 1. (CALL)
Warning[203] F:\STUDY\MICROPROCESSOR\FINAL TIMER\FINAL.ASM 171 : Found opcode in column 1. (CALL)
Warning[203] F:\STUDY\MICROPROCESSOR\FINAL TIMER\FINAL.ASM 173 : Found opcode in column 1. (MOVLW)
Warning[203] F:\STUDY\MICROPROCESSOR\FINAL TIMER\FINAL.ASM 174 : Found opcode in column 1. (CALL)
Warning[203] F:\STUDY\MICROPROCESSOR\FINAL TIMER\FINAL.ASM 175 : Found opcode in column 1. (CALL)
Warning[203] F:\STUDY\MICROPROCESSOR\FINAL TIMER\FINAL.ASM 176 : Found opcode in column 1. (MOVLW)
Warning[203] F:\STUDY\MICROPROCESSOR\FINAL TIMER\FINAL.ASM 177 : Found opcode in column 1. (CALL)
Warning[203] F:\STUDY\MICROPROCESSOR\FINAL TIMER\FINAL.ASM 178 : Found opcode in column 1. (CALL)
Warning[203] F:\STUDY\MICROPROCESSOR\FINAL TIMER\FINAL.ASM 179 : Found opcode in column 1. (MOVLW)
Warning[203] F:\STUDY\MICROPROCESSOR\FINAL TIMER\FINAL.ASM 180 : Found opcode in column 1. (CALL)
Warning[203] F:\STUDY\MICROPROCESSOR\FINAL TIMER\FINAL.ASM 181 : Found opcode in column 1. (CALL)
Warning[203] F:\STUDY\MICROPROCESSOR\FINAL TIMER\FINAL.ASM 182 : Found opcode in column 1. (MOVLW)
Warning[203] F:\STUDY\MICROPROCESSOR\FINAL TIMER\FINAL.ASM 183 : Found opcode in column 1. (CALL)
Warning[203] F:\STUDY\MICROPROCESSOR\FINAL TIMER\FINAL.ASM 184 : Found opcode in column 1. (CALL)
Warning[203] F:\STUDY\MICROPROCESSOR\FINAL TIMER\FINAL.ASM 185 : Found opcode in column 1. (MOVLW)
Warning[203] F:\STUDY\MICROPROCESSOR\FINAL TIMER\FINAL.ASM 186 : Found opcode in column 1. (CALL)
Warning[203] F:\STUDY\MICROPROCESSOR\FINAL TIMER\FINAL.ASM 187 : Found opcode in column 1. (CALL)
Warning[203] F:\STUDY\MICROPROCESSOR\FINAL TIMER\FINAL.ASM 188 : Found opcode in column 1. (MOVLW)
Warning[203] F:\STUDY\MICROPROCESSOR\FINAL TIMER\FINAL.ASM 189 : Found opcode in column 1. (CALL)
Warning[203] F:\STUDY\MICROPROCESSOR\FINAL TIMER\FINAL.ASM 190 : Found opcode in column 1. (CALL)
Warning[203] F:\STUDY\MICROPROCESSOR\FINAL TIMER\FINAL.ASM 191 : Found opcode in column 1. (MOVLW)
Warning[203] F:\STUDY\MICROPROCESSOR\FINAL TIMER\FINAL.ASM 192 : Found opcode in column 1. (CALL)
Warning[203] F:\STUDY\MICROPROCESSOR\FINAL TIMER\FINAL.ASM 193 : Found opcode in column 1. (CALL)
Warning[203] F:\STUDY\MICROPROCESSOR\FINAL TIMER\FINAL.ASM 194 : Found opcode in column 1. (MOVLW)
Warning[203] F:\STUDY\MICROPROCESSOR\FINAL TIMER\FINAL.ASM 195 : Found opcode in column 1. (CALL)
Warning[203] F:\STUDY\MICROPROCESSOR\FINAL TIMER\FINAL.ASM 196 : Found opcode in column 1. (CALL)
Warning[203] F:\STUDY\MICROPROCESSOR\FINAL TIMER\FINAL.ASM 198 : Found opcode in column 1. (MOVLW)
Warning[203] F:\STUDY\MICROPROCESSOR\FINAL TIMER\FINAL.ASM 199 : Found opcode in column 1. (CALL)
Warning[203] F:\STUDY\MICROPROCESSOR\FINAL TIMER\FINAL.ASM 200 : Found opcode in column 1. (CALL)
Warning[203] F:\STUDY\MICROPROCESSOR\FINAL TIMER\FINAL.ASM 201 : Found opcode in column 1. (MOVLW)
Warning[203] F:\STUDY\MICROPROCESSOR\FINAL TIMER\FINAL.ASM 202 : Found opcode in column 1. (CALL)
Warning[203] F:\STUDY\MICROPROCESSOR\FINAL TIMER\FINAL.ASM 203 : Found opcode in column 1. (CALL)
Warning[203] F:\STUDY\MICROPROCESSOR\FINAL TIMER\FINAL.ASM 204 : Found opcode in column 1. (MOVLW)
Warning[203] F:\STUDY\MICROPROCESSOR\FINAL TIMER\FINAL.ASM 205 : Found opcode in column 1. (CALL)
Warning[203] F:\STUDY\MICROPROCESSOR\FINAL TIMER\FINAL.ASM 206 : Found opcode in column 1. (CALL)
Warning[203] F:\STUDY\MICROPROCESSOR\FINAL TIMER\FINAL.ASM 207 : Found opcode in column 1. (MOVLW)
Warning[203] F:\STUDY\MICROPROCESSOR\FINAL TIMER\FINAL.ASM 208 : Found opcode in column 1. (CALL)
Warning[203] F:\STUDY\MICROPROCESSOR\FINAL TIMER\FINAL.ASM 209 : Found opcode in column 1. (CALL)
Warning[203] F:\STUDY\MICROPROCESSOR\FINAL TIMER\FINAL.ASM 210 : Found opcode in column 1. (MOVLW)
Warning[203] F:\STUDY\MICROPROCESSOR\FINAL TIMER\FINAL.ASM 211 : Found opcode in column 1. (CALL)
Warning[203] F:\STUDY\MICROPROCESSOR\FINAL TIMER\FINAL.ASM 212 : Found opcode in column 1. (CALL)
Warning[203] F:\STUDY\MICROPROCESSOR\FINAL TIMER\FINAL.ASM 213 : Found opcode in column 1. (MOVLW)
Warning[203] F:\STUDY\MICROPROCESSOR\FINAL TIMER\FINAL.ASM 214 : Found opcode in column 1. (CALL)
Warning[203] F:\STUDY\MICROPROCESSOR\FINAL TIMER\FINAL.ASM 215 : Found opcode in column 1. (CALL)
Warning[203] F:\STUDY\MICROPROCESSOR\FINAL TIMER\FINAL.ASM 216 : Found opcode in column 1. (MOVLW)
Warning[203] F:\STUDY\MICROPROCESSOR\FINAL TIMER\FINAL.ASM 217 : Found opcode in column 1. (CALL)
Warning[203] F:\STUDY\MICROPROCESSOR\FINAL TIMER\FINAL.ASM 218 : Found opcode in column 1. (CALL)
Warning[203] F:\STUDY\MICROPROCESSOR\FINAL TIMER\FINAL.ASM 222 : Found opcode in column 1. (MOVLW)
Warning[203] F:\STUDY\MICROPROCESSOR\FINAL TIMER\FINAL.ASM 223 : Found opcode in column 1. (MOVWF)
Warning[203] F:\STUDY\MICROPROCESSOR\FINAL TIMER\FINAL.ASM 226 : Found opcode in column 1. (BRA)
Warning[203] F:\STUDY\MICROPROCESSOR\FINAL TIMER\FINAL.ASM 228 : Found opcode in column 1. (MOVLW)
Warning[203] F:\STUDY\MICROPROCESSOR\FINAL TIMER\FINAL.ASM 229 : Found opcode in column 1. (MOVWF)
Warning[203] F:\STUDY\MICROPROCESSOR\FINAL TIMER\FINAL.ASM 231 : Found opcode in column 1. (MOVLW)
Warning[203] F:\STUDY\MICROPROCESSOR\FINAL TIMER\FINAL.ASM 232 : Found opcode in column 1. (MOVWF)
Warning[203] F:\STUDY\MICROPROCESSOR\FINAL TIMER\FINAL.ASM 235 : Found opcode in column 1. (BCF)
Warning[203] F:\STUDY\MICROPROCESSOR\FINAL TIMER\FINAL.ASM 237 : Found opcode in column 1. (BSF)
Warning[203] F:\STUDY\MICROPROCESSOR\FINAL TIMER\FINAL.ASM 240 : Found opcode in column 1. (BRA)
Warning[203] F:\STUDY\MICROPROCESSOR\FINAL TIMER\FINAL.ASM 241 : Found opcode in column 1. (BCF)
Warning[203] F:\STUDY\MICROPROCESSOR\FINAL TIMER\FINAL.ASM 243 : Found opcode in column 1. (MOVLW)
Warning[203] F:\STUDY\MICROPROCESSOR\FINAL TIMER\FINAL.ASM 244 : Found opcode in column 1. (CPFSLT)
Warning[203] F:\STUDY\MICROPROCESSOR\FINAL TIMER\FINAL.ASM 245 : Found opcode in column 1. (BRA)
Warning[203] F:\STUDY\MICROPROCESSOR\FINAL TIMER\FINAL.ASM 246 : Found opcode in column 1. (INCF)
Warning[203] F:\STUDY\MICROPROCESSOR\FINAL TIMER\FINAL.ASM 247 : Found opcode in column 1. (BRA)
Warning[203] F:\STUDY\MICROPROCESSOR\FINAL TIMER\FINAL.ASM 250 : Found opcode in column 1. (CLRF)
Warning[203] F:\STUDY\MICROPROCESSOR\FINAL TIMER\FINAL.ASM 251 : Found opcode in column 1. (MOVLW)
Warning[203] F:\STUDY\MICROPROCESSOR\FINAL TIMER\FINAL.ASM 252 : Found opcode in column 1. (CPFSLT)
Warning[203] F:\STUDY\MICROPROCESSOR\FINAL TIMER\FINAL.ASM 253 : Found opcode in column 1. (BRA)
Warning[203] F:\STUDY\MICROPROCESSOR\FINAL TIMER\FINAL.ASM 254 : Found opcode in column 1. (INCF)
Warning[203] F:\STUDY\MICROPROCESSOR\FINAL TIMER\FINAL.ASM 255 : Found opcode in column 1. (BRA)
Warning[203] F:\STUDY\MICROPROCESSOR\FINAL TIMER\FINAL.ASM 258 : Found opcode in column 1. (CLRF)
Warning[203] F:\STUDY\MICROPROCESSOR\FINAL TIMER\FINAL.ASM 259 : Found opcode in column 1. (INCF)
Warning[203] F:\STUDY\MICROPROCESSOR\FINAL TIMER\FINAL.ASM 260 : Found opcode in column 1. (BRA)
Warning[203] F:\STUDY\MICROPROCESSOR\FINAL TIMER\FINAL.ASM 266 : Found opcode in column 1. (MOVLW)
Warning[203] F:\STUDY\MICROPROCESSOR\FINAL TIMER\FINAL.ASM 267 : Found opcode in column 1. (CALL)
Warning[203] F:\STUDY\MICROPROCESSOR\FINAL TIMER\FINAL.ASM 268 : Found opcode in column 1. (CALL)
Warning[203] F:\STUDY\MICROPROCESSOR\FINAL TIMER\FINAL.ASM 270 : Found opcode in column 1. (MOVLW)
Warning[203] F:\STUDY\MICROPROCESSOR\FINAL TIMER\FINAL.ASM 271 : Found opcode in column 1. (CALL)
Warning[203] F:\STUDY\MICROPROCESSOR\FINAL TIMER\FINAL.ASM 272 : Found opcode in column 1. (CALL)
Warning[203] F:\STUDY\MICROPROCESSOR\FINAL TIMER\FINAL.ASM 273 : Found opcode in column 1. (MOVLW)
Warning[203] F:\STUDY\MICROPROCESSOR\FINAL TIMER\FINAL.ASM 274 : Found opcode in column 1. (CALL)
Warning[203] F:\STUDY\MICROPROCESSOR\FINAL TIMER\FINAL.ASM 275 : Found opcode in column 1. (CALL)
Warning[203] F:\STUDY\MICROPROCESSOR\FINAL TIMER\FINAL.ASM 276 : Found opcode in column 1. (MOVLW)
Warning[203] F:\STUDY\MICROPROCESSOR\FINAL TIMER\FINAL.ASM 277 : Found opcode in column 1. (CALL)
Warning[203] F:\STUDY\MICROPROCESSOR\FINAL TIMER\FINAL.ASM 278 : Found opcode in column 1. (CALL)
Warning[203] F:\STUDY\MICROPROCESSOR\FINAL TIMER\FINAL.ASM 279 : Found opcode in column 1. (MOVLW)
Warning[203] F:\STUDY\MICROPROCESSOR\FINAL TIMER\FINAL.ASM 280 : Found opcode in column 1. (CALL)
Warning[203] F:\STUDY\MICROPROCESSOR\FINAL TIMER\FINAL.ASM 281 : Found opcode in column 1. (CALL)
Warning[203] F:\STUDY\MICROPROCESSOR\FINAL TIMER\FINAL.ASM 283 : Found opcode in column 1. (MOVF)
Warning[203] F:\STUDY\MICROPROCESSOR\FINAL TIMER\FINAL.ASM 284 : Found opcode in column 1. (CALL)
Warning[203] F:\STUDY\MICROPROCESSOR\FINAL TIMER\FINAL.ASM 286 : Found opcode in column 1. (MOVLW)
Warning[203] F:\STUDY\MICROPROCESSOR\FINAL TIMER\FINAL.ASM 287 : Found opcode in column 1. (CALL)
Warning[203] F:\STUDY\MICROPROCESSOR\FINAL TIMER\FINAL.ASM 288 : Found opcode in column 1. (CALL)
Warning[203] F:\STUDY\MICROPROCESSOR\FINAL TIMER\FINAL.ASM 291 : Found opcode in column 1. (MOVF)
Warning[203] F:\STUDY\MICROPROCESSOR\FINAL TIMER\FINAL.ASM 292 : Found opcode in column 1. (CALL)
Warning[203] F:\STUDY\MICROPROCESSOR\FINAL TIMER\FINAL.ASM 294 : Found opcode in column 1. (MOVLW)
Warning[203] F:\STUDY\MICROPROCESSOR\FINAL TIMER\FINAL.ASM 295 : Found opcode in column 1. (CALL)
Warning[203] F:\STUDY\MICROPROCESSOR\FINAL TIMER\FINAL.ASM 296 : Found opcode in column 1. (CALL)
Warning[203] F:\STUDY\MICROPROCESSOR\FINAL TIMER\FINAL.ASM 299 : Found opcode in column 1. (MOVF)
Warning[203] F:\STUDY\MICROPROCESSOR\FINAL TIMER\FINAL.ASM 300 : Found opcode in column 1. (CALL)
Warning[203] F:\STUDY\MICROPROCESSOR\FINAL TIMER\FINAL.ASM 302 : Found opcode in column 1. (MOVLW)
Warning[203] F:\STUDY\MICROPROCESSOR\FINAL TIMER\FINAL.ASM 303 : Found opcode in column 1. (CALL)
Warning[203] F:\STUDY\MICROPROCESSOR\FINAL TIMER\FINAL.ASM 304 : Found opcode in column 1. (CALL)
Warning[203] F:\STUDY\MICROPROCESSOR\FINAL TIMER\FINAL.ASM 307 : Found opcode in column 1. (MOVLW)
Warning[203] F:\STUDY\MICROPROCESSOR\FINAL TIMER\FINAL.ASM 308 : Found opcode in column 1. (CALL)
Warning[203] F:\STUDY\MICROPROCESSOR\FINAL TIMER\FINAL.ASM 309 : Found opcode in column 1. (CALL)
Warning[203] F:\STUDY\MICROPROCESSOR\FINAL TIMER\FINAL.ASM 310 : Found opcode in column 1. (MOVLW)
Warning[203] F:\STUDY\MICROPROCESSOR\FINAL TIMER\FINAL.ASM 311 : Found opcode in column 1. (CALL)
Warning[203] F:\STUDY\MICROPROCESSOR\FINAL TIMER\FINAL.ASM 312 : Found opcode in column 1. (CALL)
Warning[203] F:\STUDY\MICROPROCESSOR\FINAL TIMER\FINAL.ASM 313 : Found opcode in column 1. (MOVLW)
Warning[203] F:\STUDY\MICROPROCESSOR\FINAL TIMER\FINAL.ASM 314 : Found opcode in column 1. (CALL)
Warning[203] F:\STUDY\MICROPROCESSOR\FINAL TIMER\FINAL.ASM 315 : Found opcode in column 1. (CALL)
Warning[203] F:\STUDY\MICROPROCESSOR\FINAL TIMER\FINAL.ASM 316 : Found opcode in column 1. (MOVLW)
Warning[203] F:\STUDY\MICROPROCESSOR\FINAL TIMER\FINAL.ASM 317 : Found opcode in column 1. (CALL)
Warning[203] F:\STUDY\MICROPROCESSOR\FINAL TIMER\FINAL.ASM 318 : Found opcode in column 1. (CALL)
Warning[203] F:\STUDY\MICROPROCESSOR\FINAL TIMER\FINAL.ASM 320 : Found opcode in column 1. (MOVLW)
Warning[203] F:\STUDY\MICROPROCESSOR\FINAL TIMER\FINAL.ASM 321 : Found opcode in column 1. (CALL)
Warning[203] F:\STUDY\MICROPROCESSOR\FINAL TIMER\FINAL.ASM 322 : Found opcode in column 1. (CALL)
Warning[203] F:\STUDY\MICROPROCESSOR\FINAL TIMER\FINAL.ASM 323 : Found opcode in column 1. (MOVLW)
Warning[203] F:\STUDY\MICROPROCESSOR\FINAL TIMER\FINAL.ASM 324 : Found opcode in column 1. (CALL)
Warning[203] F:\STUDY\MICROPROCESSOR\FINAL TIMER\FINAL.ASM 325 : Found opcode in column 1. (CALL)
Warning[203] F:\STUDY\MICROPROCESSOR\FINAL TIMER\FINAL.ASM 326 : Found opcode in column 1. (MOVLW)
Warning[203] F:\STUDY\MICROPROCESSOR\FINAL TIMER\FINAL.ASM 327 : Found opcode in column 1. (CALL)
Warning[203] F:\STUDY\MICROPROCESSOR\FINAL TIMER\FINAL.ASM 328 : Found opcode in column 1. (CALL)
Warning[203] F:\STUDY\MICROPROCESSOR\FINAL TIMER\FINAL.ASM 329 : Found opcode in column 1. (MOVLW)
Warning[203] F:\STUDY\MICROPROCESSOR\FINAL TIMER\FINAL.ASM 330 : Found opcode in column 1. (CALL)
Warning[203] F:\STUDY\MICROPROCESSOR\FINAL TIMER\FINAL.ASM 331 : Found opcode in column 1. (CALL)
Warning[203] F:\STUDY\MICROPROCESSOR\FINAL TIMER\FINAL.ASM 332 : Found opcode in column 1. (MOVLW)
Warning[203] F:\STUDY\MICROPROCESSOR\FINAL TIMER\FINAL.ASM 333 : Found opcode in column 1. (CALL)
Warning[203] F:\STUDY\MICROPROCESSOR\FINAL TIMER\FINAL.ASM 334 : Found opcode in column 1. (CALL)
Warning[203] F:\STUDY\MICROPROCESSOR\FINAL TIMER\FINAL.ASM 335 : Found opcode in column 1. (MOVLW)
Warning[203] F:\STUDY\MICROPROCESSOR\FINAL TIMER\FINAL.ASM 336 : Found opcode in column 1. (CALL)
Warning[203] F:\STUDY\MICROPROCESSOR\FINAL TIMER\FINAL.ASM 337 : Found opcode in column 1. (CALL)
Warning[203] F:\STUDY\MICROPROCESSOR\FINAL TIMER\FINAL.ASM 338 : Found opcode in column 1. (MOVLW)
Warning[203] F:\STUDY\MICROPROCESSOR\FINAL TIMER\FINAL.ASM 339 : Found opcode in column 1. (CALL)
Warning[203] F:\STUDY\MICROPROCESSOR\FINAL TIMER\FINAL.ASM 340 : Found opcode in column 1. (CALL)
Warning[203] F:\STUDY\MICROPROCESSOR\FINAL TIMER\FINAL.ASM 341 : Found opcode in column 1. (MOVLW)
Warning[203] F:\STUDY\MICROPROCESSOR\FINAL TIMER\FINAL.ASM 342 : Found opcode in column 1. (CALL)
Warning[203] F:\STUDY\MICROPROCESSOR\FINAL TIMER\FINAL.ASM 343 : Found opcode in column 1. (CALL)
Warning[203] F:\STUDY\MICROPROCESSOR\FINAL TIMER\FINAL.ASM 347 : Found opcode in column 1. (GOTO)
Warning[203] F:\STUDY\MICROPROCESSOR\FINAL TIMER\FINAL.ASM 356 : Found opcode in column 1. (BRA)
Warning[203] F:\STUDY\MICROPROCESSOR\FINAL TIMER\FINAL.ASM 364 : Found opcode in column 1. (BCF)
Warning[203] F:\STUDY\MICROPROCESSOR\FINAL TIMER\FINAL.ASM 365 : Found opcode in column 1. (MOVLW)
Warning[203] F:\STUDY\MICROPROCESSOR\FINAL TIMER\FINAL.ASM 366 : Found opcode in column 1. (MOVWF)
Warning[203] F:\STUDY\MICROPROCESSOR\FINAL TIMER\FINAL.ASM 367 : Found opcode in column 1. (MOVLW)
Warning[203] F:\STUDY\MICROPROCESSOR\FINAL TIMER\FINAL.ASM 368 : Found opcode in column 1. (MOVWF)
Warning[203] F:\STUDY\MICROPROCESSOR\FINAL TIMER\FINAL.ASM 369 : Found opcode in column 1. (BSF)
Warning[203] F:\STUDY\MICROPROCESSOR\FINAL TIMER\FINAL.ASM 371 : Found opcode in column 1. (BRA)
Warning[203] F:\STUDY\MICROPROCESSOR\FINAL TIMER\FINAL.ASM 373 : Found opcode in column 1. (RETURN)
Warning[203] F:\STUDY\MICROPROCESSOR\FINAL TIMER\FINAL.ASM 381 : Found opcode in column 1. (MOVWF)
Warning[203] F:\STUDY\MICROPROCESSOR\FINAL TIMER\FINAL.ASM 382 : Found opcode in column 1. (BCF)
Warning[203] F:\STUDY\MICROPROCESSOR\FINAL TIMER\FINAL.ASM 383 : Found opcode in column 1. (BCF)
Warning[203] F:\STUDY\MICROPROCESSOR\FINAL TIMER\FINAL.ASM 384 : Found opcode in column 1. (BSF)
Warning[203] F:\STUDY\MICROPROCESSOR\FINAL TIMER\FINAL.ASM 385 : Found opcode in column 1. (CALL)
Warning[203] F:\STUDY\MICROPROCESSOR\FINAL TIMER\FINAL.ASM 386 : Found opcode in column 1. (BCF)
Warning[203] F:\STUDY\MICROPROCESSOR\FINAL TIMER\FINAL.ASM 388 : Found opcode in column 1. (RETURN)
Warning[203] F:\STUDY\MICROPROCESSOR\FINAL TIMER\FINAL.ASM 391 : Found opcode in column 1. (MOVWF)
Warning[203] F:\STUDY\MICROPROCESSOR\FINAL TIMER\FINAL.ASM 392 : Found opcode in column 1. (BSF)
Warning[203] F:\STUDY\MICROPROCESSOR\FINAL TIMER\FINAL.ASM 393 : Found opcode in column 1. (BCF)
Warning[203] F:\STUDY\MICROPROCESSOR\FINAL TIMER\FINAL.ASM 394 : Found opcode in column 1. (BSF)
Warning[203] F:\STUDY\MICROPROCESSOR\FINAL TIMER\FINAL.ASM 395 : Found opcode in column 1. (CALL)
Warning[203] F:\STUDY\MICROPROCESSOR\FINAL TIMER\FINAL.ASM 396 : Found opcode in column 1. (BCF)
Warning[203] F:\STUDY\MICROPROCESSOR\FINAL TIMER\FINAL.ASM 398 : Found opcode in column 1. (RETURN)
Warning[203] F:\STUDY\MICROPROCESSOR\FINAL TIMER\FINAL.ASM 401 : Found opcode in column 1. (MOVLW)
Warning[203] F:\STUDY\MICROPROCESSOR\FINAL TIMER\FINAL.ASM 402 : Found opcode in column 1. (MOVWF)
Warning[203] F:\STUDY\MICROPROCESSOR\FINAL TIMER\FINAL.ASM 403 : Found opcode in column 1. (MOVLW)
Warning[203] F:\STUDY\MICROPROCESSOR\FINAL TIMER\FINAL.ASM 404 : Found opcode in column 1. (MOVWF)
Warning[203] F:\STUDY\MICROPROCESSOR\FINAL TIMER\FINAL.ASM 405 : Found opcode in column 1. (MOVLW)
Warning[203] F:\STUDY\MICROPROCESSOR\FINAL TIMER\FINAL.ASM 406 : Found opcode in column 1. (MOVWF)
Warning[203] F:\STUDY\MICROPROCESSOR\FINAL TIMER\FINAL.ASM 407 : Found opcode in column 1. (BCF)
Warning[203] F:\STUDY\MICROPROCESSOR\FINAL TIMER\FINAL.ASM 408 : Found opcode in column 1. (BSF)
Warning[203] F:\STUDY\MICROPROCESSOR\FINAL TIMER\FINAL.ASM 410 : Found opcode in column 1. (BRA)
Warning[203] F:\STUDY\MICROPROCESSOR\FINAL TIMER\FINAL.ASM 411 : Found opcode in column 1. (BCF)
Warning[203] F:\STUDY\MICROPROCESSOR\FINAL TIMER\FINAL.ASM 414 : Found opcode in column 1. (RETURN)
Warning[203] F:\STUDY\MICROPROCESSOR\FINAL TIMER\FINAL.ASM 419 : Found opcode in column 1. (MOVWF)
Warning[203] F:\STUDY\MICROPROCESSOR\FINAL TIMER\FINAL.ASM 420 : Found opcode in column 1. (movlw)
Warning[203] F:\STUDY\MICROPROCESSOR\FINAL TIMER\FINAL.ASM 421 : Found opcode in column 1. (movwf)
Warning[203] F:\STUDY\MICROPROCESSOR\FINAL TIMER\FINAL.ASM 423 : Found opcode in column 1. (CPFSLT)
Warning[203] F:\STUDY\MICROPROCESSOR\FINAL TIMER\FINAL.ASM 424 : Found opcode in column 1. (BRA)
Warning[203] F:\STUDY\MICROPROCESSOR\FINAL TIMER\FINAL.ASM 425 : Found opcode in column 1. (MOVLW)
Warning[203] F:\STUDY\MICROPROCESSOR\FINAL TIMER\FINAL.ASM 426 : Found opcode in column 1. (ADDWF)
Warning[203] F:\STUDY\MICROPROCESSOR\FINAL TIMER\FINAL.ASM 428 : Found opcode in column 1. (MOVLW)
Warning[203] F:\STUDY\MICROPROCESSOR\FINAL TIMER\FINAL.ASM 429 : Found opcode in column 1. (CALL)
Warning[203] F:\STUDY\MICROPROCESSOR\FINAL TIMER\FINAL.ASM 430 : Found opcode in column 1. (CALL)
Warning[203] F:\STUDY\MICROPROCESSOR\FINAL TIMER\FINAL.ASM 432 : Found opcode in column 1. (MOVF)
Warning[203] F:\STUDY\MICROPROCESSOR\FINAL TIMER\FINAL.ASM 433 : Found opcode in column 1. (CALL)
Warning[203] F:\STUDY\MICROPROCESSOR\FINAL TIMER\FINAL.ASM 434 : Found opcode in column 1. (CALL)
Warning[203] F:\STUDY\MICROPROCESSOR\FINAL TIMER\FINAL.ASM 436 : Found opcode in column 1. (RETURN)
Warning[203] F:\STUDY\MICROPROCESSOR\FINAL TIMER\FINAL.ASM 443 : Found opcode in column 1. (MOVLW)
Warning[203] F:\STUDY\MICROPROCESSOR\FINAL TIMER\FINAL.ASM 444 : Found opcode in column 1. (MOVWF)
Warning[203] F:\STUDY\MICROPROCESSOR\FINAL TIMER\FINAL.ASM 445 : Found opcode in column 1. (MOVFF)
Warning[203] F:\STUDY\MICROPROCESSOR\FINAL TIMER\FINAL.ASM 446 : Found opcode in column 1. (MOVLW)
Warning[203] F:\STUDY\MICROPROCESSOR\FINAL TIMER\FINAL.ASM 449 : Found opcode in column 1. (SUBWF)
Warning[203] F:\STUDY\MICROPROCESSOR\FINAL TIMER\FINAL.ASM 450 : Found opcode in column 1. (BNN)
Warning[203] F:\STUDY\MICROPROCESSOR\FINAL TIMER\FINAL.ASM 451 : Found opcode in column 1. (DECF)
Warning[203] F:\STUDY\MICROPROCESSOR\FINAL TIMER\FINAL.ASM 452 : Found opcode in column 1. (ADDWF)
Warning[203] F:\STUDY\MICROPROCESSOR\FINAL TIMER\FINAL.ASM 456 : Found opcode in column 1. (MOVLW)
Warning[203] F:\STUDY\MICROPROCESSOR\FINAL TIMER\FINAL.ASM 457 : Found opcode in column 1. (ADDWF)
Warning[203] F:\STUDY\MICROPROCESSOR\FINAL TIMER\FINAL.ASM 458 : Found opcode in column 1. (MOVF)
Warning[203] F:\STUDY\MICROPROCESSOR\FINAL TIMER\FINAL.ASM 459 : Found opcode in column 1. (CALL)
Warning[203] F:\STUDY\MICROPROCESSOR\FINAL TIMER\FINAL.ASM 460 : Found opcode in column 1. (CALL)
Warning[203] F:\STUDY\MICROPROCESSOR\FINAL TIMER\FINAL.ASM 462 : Found opcode in column 1. (MOVLW)
Warning[203] F:\STUDY\MICROPROCESSOR\FINAL TIMER\FINAL.ASM 463 : Found opcode in column 1. (ADDWF)
Warning[203] F:\STUDY\MICROPROCESSOR\FINAL TIMER\FINAL.ASM 464 : Found opcode in column 1. (MOVF)
Warning[203] F:\STUDY\MICROPROCESSOR\FINAL TIMER\FINAL.ASM 465 : Found opcode in column 1. (CALL)
Warning[203] F:\STUDY\MICROPROCESSOR\FINAL TIMER\FINAL.ASM 466 : Found opcode in column 1. (CALL)
Warning[203] F:\STUDY\MICROPROCESSOR\FINAL TIMER\FINAL.ASM 469 : Found opcode in column 1. (RETURN)
Warning[203] F:\STUDY\MICROPROCESSOR\FINAL TIMER\FINAL.ASM 484 : Found opcode in column 1. (MOVLW)
Warning[203] F:\STUDY\MICROPROCESSOR\FINAL TIMER\FINAL.ASM 485 : Found opcode in column 1. (MOVWF)
Warning[203] F:\STUDY\MICROPROCESSOR\FINAL TIMER\FINAL.ASM 486 : Found opcode in column 1. (MOVLW)
Warning[203] F:\STUDY\MICROPROCESSOR\FINAL TIMER\FINAL.ASM 487 : Found opcode in column 1. (MOVWF)
Warning[203] F:\STUDY\MICROPROCESSOR\FINAL TIMER\FINAL.ASM 488 : Found opcode in column 1. (MOVLW)
Warning[203] F:\STUDY\MICROPROCESSOR\FINAL TIMER\FINAL.ASM 489 : Found opcode in column 1. (MOVWF)
Warning[203] F:\STUDY\MICROPROCESSOR\FINAL TIMER\FINAL.ASM 490 : Found opcode in column 1. (BCF)
Warning[203] F:\STUDY\MICROPROCESSOR\FINAL TIMER\FINAL.ASM 491 : Found opcode in column 1. (BSF)
Warning[203] F:\STUDY\MICROPROCESSOR\FINAL TIMER\FINAL.ASM 493 : Found opcode in column 1. (BRA)
Warning[203] F:\STUDY\MICROPROCESSOR\FINAL TIMER\FINAL.ASM 494 : Found opcode in column 1. (BCF)
Warning[203] F:\STUDY\MICROPROCESSOR\FINAL TIMER\FINAL.ASM 497 : Found opcode in column 1. (RETURN)
Warning[203] F:\STUDY\MICROPROCESSOR\FINAL TIMER\FINAL.ASM 501 : Found opcode in column 1. (MOVLW)
Warning[203] F:\STUDY\MICROPROCESSOR\FINAL TIMER\FINAL.ASM 502 : Found opcode in column 1. (MOVWF)
Warning[203] F:\STUDY\MICROPROCESSOR\FINAL TIMER\FINAL.ASM 503 : Found opcode in column 1. (MOVLW)
Warning[203] F:\STUDY\MICROPROCESSOR\FINAL TIMER\FINAL.ASM 504 : Found opcode in column 1. (MOVWF)
Warning[203] F:\STUDY\MICROPROCESSOR\FINAL TIMER\FINAL.ASM 505 : Found opcode in column 1. (MOVLW)
Warning[203] F:\STUDY\MICROPROCESSOR\FINAL TIMER\FINAL.ASM 506 : Found opcode in column 1. (MOVWF)
Warning[203] F:\STUDY\MICROPROCESSOR\FINAL TIMER\FINAL.ASM 507 : Found opcode in column 1. (BCF)
Warning[203] F:\STUDY\MICROPROCESSOR\FINAL TIMER\FINAL.ASM 508 : Found opcode in column 1. (BSF)
Warning[203] F:\STUDY\MICROPROCESSOR\FINAL TIMER\FINAL.ASM 510 : Found opcode in column 1. (BRA)
Warning[203] F:\STUDY\MICROPROCESSOR\FINAL TIMER\FINAL.ASM 511 : Found opcode in column 1. (BCF)
Warning[203] F:\STUDY\MICROPROCESSOR\FINAL TIMER\FINAL.ASM 514 : Found opcode in column 1. (RETURN)
Warning[205] F:\STUDY\MICROPROCESSOR\FINAL TIMER\FINAL.ASM 516 : Found directive in column 1. (end)
